0 info it worked if it ends with ok
1 verbose cli [ '/Users/Joe/.nvm/versions/node/v7.2.1/bin/node',
1 verbose cli   '/Users/Joe/.nvm/versions/node/v7.2.1/bin/npm',
1 verbose cli   'start' ]
2 info using npm@3.10.10
3 info using node@v7.2.1
4 verbose run-script [ 'prestart', 'start', 'poststart' ]
5 info lifecycle angular-2-skeleton@1.0.0~prestart: angular-2-skeleton@1.0.0
6 silly lifecycle angular-2-skeleton@1.0.0~prestart: no script for prestart, continuing
7 info lifecycle angular-2-skeleton@1.0.0~start: angular-2-skeleton@1.0.0
8 verbose lifecycle angular-2-skeleton@1.0.0~start: unsafe-perm in lifecycle true
9 verbose lifecycle angular-2-skeleton@1.0.0~start: PATH: /Users/Joe/.nvm/versions/node/v7.2.1/lib/node_modules/npm/bin/node-gyp-bin:/Users/Joe/Documents/Angular-Development/Skeleton/node_modules/.bin:/Users/Joe/.nvm/versions/node/v7.2.1/bin:/Users/Joe/.gvm/vertx/current/bin:/Users/Joe/.gvm/springboot/current/bin:/Users/Joe/.gvm/lazybones/current/bin:/Users/Joe/.gvm/jbake/current/bin:/Users/Joe/.gvm/groovyserv/current/bin:/Users/Joe/.gvm/groovy/current/bin:/Users/Joe/.gvm/griffon/current/bin:/Users/Joe/.gvm/grails/current/bin:/Users/Joe/.gvm/gradle/current/bin:/Users/Joe/.gvm/glide/current/bin:/Users/Joe/.gvm/gaiden/current/bin:/Users/Joe/.gvm/crash/current/bin:/Users/Joe/.gvm/asciidoctorj/current/bin:/usr/local/bin:/usr/bin:/bin:/usr/sbin:/sbin:/usr/local/mysql/bin/
10 verbose lifecycle angular-2-skeleton@1.0.0~start: CWD: /Users/Joe/Documents/Angular-Development/Skeleton
11 silly lifecycle angular-2-skeleton@1.0.0~start: Args: [ '-c', 'tsc && concurrently "tsc -w" "lite-server" ' ]
12 silly lifecycle angular-2-skeleton@1.0.0~start: Returned: code: 2  signal: null
13 info lifecycle angular-2-skeleton@1.0.0~start: Failed to exec start script
14 verbose stack Error: angular-2-skeleton@1.0.0 start: `tsc && concurrently "tsc -w" "lite-server" `
14 verbose stack Exit status 2
14 verbose stack     at EventEmitter.<anonymous> (/Users/Joe/.nvm/versions/node/v7.2.1/lib/node_modules/npm/lib/utils/lifecycle.js:255:16)
14 verbose stack     at emitTwo (events.js:106:13)
14 verbose stack     at EventEmitter.emit (events.js:191:7)
14 verbose stack     at ChildProcess.<anonymous> (/Users/Joe/.nvm/versions/node/v7.2.1/lib/node_modules/npm/lib/utils/spawn.js:40:14)
14 verbose stack     at emitTwo (events.js:106:13)
14 verbose stack     at ChildProcess.emit (events.js:191:7)
14 verbose stack     at maybeClose (internal/child_process.js:885:16)
14 verbose stack     at Process.ChildProcess._handle.onexit (internal/child_process.js:226:5)
15 verbose pkgid angular-2-skeleton@1.0.0
16 verbose cwd /Users/Joe/Documents/Angular-Development/Skeleton
17 error Darwin 16.1.0
18 error argv "/Users/Joe/.nvm/versions/node/v7.2.1/bin/node" "/Users/Joe/.nvm/versions/node/v7.2.1/bin/npm" "start"
19 error node v7.2.1
20 error npm  v3.10.10
21 error code ELIFECYCLE
22 error angular-2-skeleton@1.0.0 start: `tsc && concurrently "tsc -w" "lite-server" `
22 error Exit status 2
23 error Failed at the angular-2-skeleton@1.0.0 start script 'tsc && concurrently "tsc -w" "lite-server" '.
23 error Make sure you have the latest version of node.js and npm installed.
23 error If you do, this is most likely a problem with the angular-2-skeleton package,
23 error not with npm itself.
23 error Tell the author that this fails on your system:
23 error     tsc && concurrently "tsc -w" "lite-server"
23 error You can get information on how to open an issue for this project with:
23 error     npm bugs angular-2-skeleton
23 error Or if that isn't available, you can get their info via:
23 error     npm owner ls angular-2-skeleton
23 error There is likely additional logging output above.
24 verbose exit [ 1, true ]
